Build started 31/07/2011 21:23:27.
Project "C:\Users\Caokzu\Package\zhockon_0.3.2\samples\pyramid\pyramid.vcxproj" on node 2 (build target(s)).
InitializeBuildStatus:
  Touching "pyramid.dir\Debug\pyramid.unsuccessfulbuild".
CustomBuild:
  All outputs are up-to-date.
ClCompile:
  All outputs are up-to-date.
ManifestResourceCompile:
  All outputs are up-to-date.
Link:
  c:\Program Files (x86)\Microsoft Visual Studio 10.0\VC\bin\link.exe /ERRORREPORT:PROMPT /OUT:"C:\Users\Caokzu\Package\zhockon_0.3.2\samples\pyramid\Debug\pyramid.exe" /INCREMENTAL /NOLOGO /LIBPATH:C:/Users/Caokzu/Package/zhockon_0.3.2/library/SDL/lib /LIBPATH:C:/Users/Caokzu/Package/zhockon_0.3.2/library/SDL/lib/Debug /LIBPATH:C:/Users/Caokzu/Package/zhockon_0.3.2/library/OpenAL/lib /LIBPATH:C:/Users/Caokzu/Package/zhockon_0.3.2/library/OpenAL/lib/Debug /LIBPATH:C:/Users/Caokzu/Package/zhockon_0.3.2/library/OpenGL/lib /LIBPATH:C:/Users/Caokzu/Package/zhockon_0.3.2/library/OpenGL/lib/Debug /LIBPATH:C:/Users/Caokzu/Package/zhockon_0.3.2/library/pthreads/lib /LIBPATH:C:/Users/Caokzu/Package/zhockon_0.3.2/library/pthreads/lib/Debug /LIBPATH:C:/Python27/libs /LIBPATH:C:/Python27/libs/Debug /LIBPATH:C:/Users/Caokzu/Package/zhockon_0.3.2/library /LIBPATH:C:/Users/Caokzu/Package/zhockon_0.3.2/library/Debug /LIBPATH:/usr/lib /LIBPATH:/usr/lib/Debug /LIBPATH:C:/Users/Caokzu/Package/zhockon_0.3.2/samples/pyramid/../../lib /LIBPATH:C:/Users/Caokzu/Package/zhockon_0.3.2/samples/pyramid/../../lib/Debug kernel32.lib user32.lib gdi32.lib winspool.lib shell32.lib ole32.lib oleaut32.lib uuid.lib comdlg32.lib advapi32.lib ..\..\library\Debug\zhockon.lib alut.lib glut.lib /MANIFEST /ManifestFile:"pyramid.dir\Debug\pyramid.exe.intermediate.manifest" /MANIFESTUAC:"level='asInvoker' uiAccess='false'" /DEBUG /PDB:"C:\Users\Caokzu\Package\zhockon_0.3.2\samples\pyramid\Debug\pyramid.pdb" /SUBSYSTEM:CONSOLE /STACK:"10000000" /TLBID:1 /DYNAMICBASE /NXCOMPAT /IMPLIB:"C:/Users/Caokzu/Package/zhockon_0.3.2/samples/pyramid/Debug/pyramid.lib" /MACHINE:X86 pyramid.dir\Debug\pyramid.exe.embed.manifest.res
  pyramid.dir\Debug\pyramid.obj  /machine:X86 /debug 
LINK : fatal error LNK1104: cannot open file 'python27_d.lib'
Done Building Project "C:\Users\Caokzu\Package\zhockon_0.3.2\samples\pyramid\pyramid.vcxproj" (build target(s)) -- FAILED.

Build FAILED.

Time Elapsed 00:00:01.57
